<?xml version="1.0" encoding="UTF-8"?>
<!-- Generated by org.testng.reporters.JUnitReportReporter -->
<testsuite hostname="DESKTOP-ONS9RRD" failures="0" tests="2" name="assignment.All_Annotation" time="0.012" errors="0" timestamp="2022-04-28T19:43:14 IST" skipped="0">
  <testcase classname="assignment.All_Annotation" name="a" time="0.008"/>
  <system-out/>
  <testcase classname="assignment.All_Annotation" name="b" time="0.004"/>
  <system-out/>
</testsuite> <!-- assignment.All_Annotation -->
