<?xml version="1.0" encoding="UTF-8"?>
<!-- Generated by org.testng.reporters.JUnitReportReporter -->
<testsuite hostname="DESKTOP-ONS9RRD" failures="0" tests="4" name="assignment.PriorityExample$Priority_Program" time="0.023" errors="0" timestamp="2022-04-28T19:49:47 IST" skipped="0">
  <testcase classname="assignment.PriorityExample$Priority_Program" name="a" time="0.010"/>
  <system-out/>
  <testcase classname="assignment.PriorityExample$Priority_Program" name="d" time="0.005"/>
  <system-out/>
  <testcase classname="assignment.PriorityExample$Priority_Program" name="b" time="0.003"/>
  <system-out/>
  <testcase classname="assignment.PriorityExample$Priority_Program" name="c" time="0.005"/>
  <system-out/>
</testsuite> <!-- assignment.PriorityExample$Priority_Program -->
