<?xml version="1.0" encoding="UTF-8"?>
<!-- Generated by org.testng.reporters.JUnitReportReporter -->
<testsuite hostname="DESKTOP-ONS9RRD" failures="0" tests="2" name="test.FirstTest" time="0.010" errors="0" timestamp="2022-04-13T22:54:23 IST" skipped="0">
  <testcase classname="test.FirstTest" name="meth1" time="0.009"/>
  <system-out/>
  <testcase classname="test.FirstTest" name="meth2" time="0.001"/>
  <system-out/>
</testsuite> <!-- test.FirstTest -->
