<?xml version="1.0" encoding="UTF-8"?>
<!-- Generated by org.testng.reporters.JUnitReportReporter -->
<testsuite hostname="DESKTOP-ONS9RRD" failures="0" tests="7" name="assignment.DataProvider_Program" time="112.236" errors="0" timestamp="2022-04-28T19:28:03 IST" skipped="0">
  <testcase classname="assignment.DataProvider_Program" name="testSearchCountry" time="12.500"/>
  <system-out/>
  <testcase classname="assignment.DataProvider_Program" name="testSearchCountry" time="12.724"/>
  <system-out/>
  <testcase classname="assignment.DataProvider_Program" name="testSearchCountry" time="11.569"/>
  <system-out/>
  <testcase classname="assignment.DataProvider_Program" name="testSearchCountry" time="15.761"/>
  <system-out/>
  <testcase classname="assignment.DataProvider_Program" name="testSearchCountry" time="14.172"/>
  <system-out/>
  <testcase classname="assignment.DataProvider_Program" name="testSearchCountry" time="12.311"/>
  <system-out/>
  <testcase classname="assignment.DataProvider_Program" name="testSearchCountry" time="33.199"/>
  <system-out/>
</testsuite> <!-- assignment.DataProvider_Program -->
